<?xml version="1.0" encoding="UTF-8"?>
<!-- Generated by org.testng.reporters.JUnitReportReporter -->
<testsuite hostname="DESKTOP-6PMNGS4" failures="0" tests="1" name="com.logintest.TestClass_login" time="18.812" errors="0" timestamp="2023-11-08T18:23:36 IST" skipped="0">
  <testcase classname="com.logintest.TestClass_login" name="VerifyLoginFunctionality" time="18.812"/>
</testsuite> <!-- com.logintest.TestClass_login -->
