<?xml version="1.0" encoding="UTF-8"?>
<!-- Generated by org.testng.reporters.JUnitReportReporter -->
<testsuite hostname="DESKTOP-6PMNGS4" failures="0" tests="1" name="com.logintest.TestClass_login" time="13.817" errors="0" timestamp="2023-12-05T15:28:36 IST" skipped="0">
  <testcase classname="com.logintest.TestClass_login" name="VerifyLoginFunctionality" time="13.817"/>
</testsuite> <!-- com.logintest.TestClass_login -->
