<?xml version="1.0" encoding="UTF-8"?>
<!-- Generated by org.testng.reporters.JUnitReportReporter -->
<testsuite hostname="DESKTOP-3I5C8GM" failures="0" tests="1" name="com.logintest.TestClass_login" time="8.311" errors="0" timestamp="2023-11-02T13:23:29 IST" skipped="0">
  <testcase classname="com.logintest.TestClass_login" name="VerifyLoginFunctionality" time="8.311"/>
</testsuite> <!-- com.logintest.TestClass_login -->
