<?xml version="1.0" encoding="UTF-8"?>
<!-- Generated by org.testng.reporters.JUnitReportReporter -->
<testsuite hostname="DESKTOP-6PMNGS4" failures="0" tests="4" name="com.logintest.Testclass3_Profile" time="42.759" errors="0" timestamp="2023-10-03T16:22:57 IST" skipped="0">
  <testcase classname="com.logintest.Testclass3_Profile" name="ClickonLoginwithPassword" time="4.262"/>
  <testcase classname="com.logintest.Testclass3_Profile" name="LoginOTP" time="0.004"/>
  <testcase classname="com.logintest.Testclass3_Profile" name="VerifyPortfolioProductTabDetails" time="21.429"/>
  <testcase classname="com.logintest.Testclass3_Profile" name="VerifyProfileDetails" time="17.064"/>
</testsuite> <!-- com.logintest.Testclass3_Profile -->
